<?xml version="1.0" encoding="UTF-8"?>
<testng-results skipped="0" failed="0" ignored="0" total="0" passed="0">
  <reporter-output>
  </reporter-output>
  <suite name="Automation Test" duration-ms="5" started-at="2018-07-24T09:35:30Z" finished-at="2018-07-24T09:35:30Z">
    <groups>
    </groups>
    <test name="smoke test cases" duration-ms="5" started-at="2018-07-24T09:35:30Z" finished-at="2018-07-24T09:35:30Z">
    </test> <!-- smoke test cases -->
  </suite> <!-- Automation Test -->
</testng-results>
